[2022-05-02T20:08:23.255] [ERROR] default - Field 'word_name' doesn't have a default value
[2022-05-02T20:08:59.245] [ERROR] default - Field 'word_name' doesn't have a default value
[2022-05-02T20:13:37.009] [INFO] default - the
[2022-05-02T20:13:37.337] [INFO] default - {"word":"the","phAmMp3":"http://res.iciba.com/resource/amp3/1/0/8f/c4/8fc42c6ddf9966db3b09e84365034357.mp3","phEnMp3":"http://res.iciba.com/resource/amp3/oxford/0/ba/58/ba58f3a3fa355267b1900745a7151e70.mp3","phTtsMp3":"http://res-tts.iciba.com/8/f/c/8fc42c6ddf9966db3b09e84365034357.mp3","parts":[{"part":"art.","means":["指已提到的人（物）","指说话人与听者已知的人（物）","用于独一无二的事物前","与形容词最高级和序数词连用"]}],"phEn":"ðə","phAm":"ði","phOther":"","exchange":{"word_pl":"","word_past":"","word_done":"","word_ing":"","word_third":"","word_er":"","word_est":""}}
[2022-05-02T20:13:37.632] [INFO] default - { total: 1000, success: 1, fail: 0, pending: 0, isDone: false }
[2022-05-02T20:13:39.015] [INFO] default - be
[2022-05-02T20:13:39.278] [INFO] default - {"word":"be","phAmMp3":"http://res.iciba.com/resource/amp3/1/0/91/09/910955a907e739b81ec8855763108a29.mp3","phEnMp3":"http://res.iciba.com/resource/amp3/oxford/0/12/0f/120f1e6eec876199ac7eb628f27917a7.mp3","phTtsMp3":"http://res-tts.iciba.com/9/1/0/910955a907e739b81ec8855763108a29.mp3","parts":[{"part":"v.","means":["是","有，存在","做，成为","发生"]},{"part":"aux.","means":["用来表示某人或某物即主语本身，用来表示某人或某物属于某一群体或有某种性质"]}],"phEn":"bi","phAm":"bi","phOther":"","exchange":{"word_pl":"","word_third":["is"],"word_past":["was","were"],"word_done":["been"],"word_ing":["being"],"word_er":"","word_est":""}}
[2022-05-02T20:13:39.657] [INFO] default - { total: 1000, success: 2, fail: 0, pending: 0, isDone: false }
[2022-05-02T20:13:41.005] [INFO] default - and
[2022-05-02T20:13:41.290] [INFO] default - {"word":"and","phAmMp3":"http://res.iciba.com/resource/amp3/1/0/be/5d/be5d5d37542d75f93a87094459f76678.mp3","phEnMp3":"http://res.iciba.com/resource/amp3/oxford/0/c0/63/c0632621df711c761e94a5b18286480e.mp3","phTtsMp3":"http://res-tts.iciba.com/b/e/5/be5d5d37542d75f93a87094459f76678.mp3","parts":[{"part":"conj.","means":["和，与","而且","于是，然后","因此"]}],"phEn":"ənd","phAm":"ənd, ən,ænd","phOther":"","exchange":{"word_pl":"","word_third":"","word_past":"","word_done":"","word_ing":"","word_er":"","word_est":""}}
[2022-05-02T20:13:41.534] [INFO] default - { total: 1000, success: 3, fail: 0, pending: 0, isDone: false }
[2022-05-02T20:13:43.007] [INFO] default - of
[2022-05-02T20:13:43.288] [INFO] default - {"word":"of","phAmMp3":"http://res.iciba.com/resource/amp3/1/0/8b/f8/8bf8854bebe108183caeb845c7676ae4.mp3","phEnMp3":"","phTtsMp3":"http://res-tts.iciba.com/8/b/f/8bf8854bebe108183caeb845c7676ae4.mp3","parts":[{"part":"prep.","means":["关于","属于…的","由…制成"]},{"part":"aux.","means":["助动词  [非标准用语、方言] =have [主用于虚拟语气]"]}],"phEn":"əv","phAm":"ʌv","phOther":"","exchange":{"word_pl":"","word_past":"","word_done":"","word_ing":"","word_third":"","word_er":"","word_est":""}}
[2022-05-02T20:13:43.492] [INFO] default - { total: 1000, success: 4, fail: 0, pending: 0, isDone: false }
[2022-05-02T20:13:45.008] [INFO] default - a
[2022-05-02T20:13:45.268] [INFO] default - {"word":"a","phAmMp3":"","phEnMp3":"http://res.iciba.com/resource/amp3/oxford/0/22/97/2297067c3e5d25a542d1c1268d474d95.mp3","phTtsMp3":"http://res-tts.iciba.com/0/c/c/0cc175b9c0f1b6a831c399e269772661.mp3","parts":[{"part":"art.","means":["一（个）","每一（个）","任一（个）"]}],"phEn":"ə","phAm":"eɪ","phOther":"","exchange":{"word_pl":"","word_past":"","word_done":"","word_ing":"","word_third":"","word_er":"","word_est":""}}
[2022-05-02T20:13:45.508] [INFO] default - { total: 1000, success: 5, fail: 0, pending: 0, isDone: false }
[2022-05-02T20:13:47.016] [INFO] default - in
[2022-05-02T20:13:47.345] [INFO] default - {"word":"in","phAmMp3":"http://res.iciba.com/resource/amp3/1/0/13/b5/13b5bfe96f3e2fe411c9f66f4a582adf.mp3","phEnMp3":"http://res.iciba.com/resource/amp3/oxford/0/4e/f0/4ef01a05c2a045f1ef6f7b5f20e72dfd.mp3","phTtsMp3":"http://res-tts.iciba.com/1/3/b/13b5bfe96f3e2fe411c9f66f4a582adf.mp3","parts":[{"part":"prep.","means":["采用（某种方式）","穿着，带着","（表示位置）在…里面，（表示领域，范围）在…以内","（表示品质、能力等）在…之中"]},{"part":"adv.","means":["在家","进入，到达","流行","当选"]},{"part":"adj.","means":["在内的，朝内的","在位的，执政的","[口语]流行的，时髦的","（车等）到站的"]},{"part":"n.","means":["执政党，掌权者","知情者","<美口>入口，门路","<体>（板球或棒球）攻球的一方"]}],"phEn":"ɪn","phAm":"ɪn","phOther":"","exchange":{"word_pl":["ins"],"word_third":"","word_past":"","word_done":"","word_ing":"","word_er":"","word_est":""}}
[2022-05-02T20:13:47.657] [INFO] default - { total: 1000, success: 6, fail: 0, pending: 0, isDone: false }
[2022-05-02T20:13:49.009] [INFO] default - to
[2022-05-02T20:13:49.265] [INFO] default - {"word":"to","phAmMp3":"http://res.iciba.com/resource/amp3/1/0/01/b6/01b6e20344b68835c5ed1ddedf20d531.mp3","phEnMp3":"http://res.iciba.com/resource/amp3/oxford/0/9a/14/9a14efb6e4f10a3f5bb4f6f488b54512.mp3","phTtsMp3":"http://res-tts.iciba.com/0/1/b/01b6e20344b68835c5ed1ddedf20d531.mp3","parts":[{"part":"prep.","means":["向，朝着","到","关于","属于"]},{"part":"adv.","means":["朝一个方向的","到某种状态","关闭"]},{"part":"inf.","means":["（表示目的或意图），（表示结果），（表示原因），（表示想做或让做的事情），（表示已知或转述的事情），（表示一个动作紧跟另一动作），必须；一定；应该"]}],"phEn":"tə","phAm":"tu,tə","phOther":"","exchange":{"word_pl":"","word_past":"","word_done":"","word_ing":"","word_third":"","word_er":"","word_est":""}}
[2022-05-02T20:13:49.518] [INFO] default - { total: 1000, success: 7, fail: 0, pending: 0, isDone: false }
[2022-05-02T20:13:51.037] [INFO] default - have
[2022-05-02T20:13:51.265] [INFO] default - {"word":"have","phAmMp3":"http://res.iciba.com/resource/amp3/1/0/b4/2d/b42dad5453b2128a32f6612b13ea5d9f.mp3","phEnMp3":"http://res.iciba.com/resource/amp3/oxford/0/3e/05/3e057208795b7f60705ea5a2bf7757a0.mp3","phTtsMp3":"http://res-tts.iciba.com/b/4/2/b42dad5453b2128a32f6612b13ea5d9f.mp3","parts":[{"part":"aux.","means":["用以构成完成式及完成式的不定式，表示已经…"]},{"part":"vt.","means":["有，具有","拿，取得","从事","必须，不得不"]},{"part":"n.","means":["〈口〉有产者，有钱人","富国","〈英俚〉欺骗，诈骗"]}],"phEn":"hæv , həv","phAm":"hæv , həv","phOther":"","exchange":{"word_pl":"","word_past":["had"],"word_done":["had"],"word_ing":["having"],"word_third":["has"],"word_er":"","word_est":""}}
[2022-05-02T20:13:51.549] [INFO] default - { total: 1000, success: 8, fail: 0, pending: 0, isDone: false }
[2022-05-02T20:13:53.015] [INFO] default - to
[2022-05-02T20:13:53.250] [INFO] default - {"word":"to","phAmMp3":"http://res.iciba.com/resource/amp3/1/0/01/b6/01b6e20344b68835c5ed1ddedf20d531.mp3","phEnMp3":"http://res.iciba.com/resource/amp3/oxford/0/9a/14/9a14efb6e4f10a3f5bb4f6f488b54512.mp3","phTtsMp3":"http://res-tts.iciba.com/0/1/b/01b6e20344b68835c5ed1ddedf20d531.mp3","parts":[{"part":"prep.","means":["向，朝着","到","关于","属于"]},{"part":"adv.","means":["朝一个方向的","到某种状态","关闭"]},{"part":"inf.","means":["（表示目的或意图），（表示结果），（表示原因），（表示想做或让做的事情），（表示已知或转述的事情），（表示一个动作紧跟另一动作），必须；一定；应该"]}],"phEn":"tə","phAm":"tu,tə","phOther":"","exchange":{"word_pl":"","word_past":"","word_done":"","word_ing":"","word_third":"","word_er":"","word_est":""}}
[2022-05-02T20:13:53.460] [INFO] default - { total: 1000, success: 9, fail: 0, pending: 0, isDone: false }
[2022-05-02T20:13:55.005] [INFO] default - it
[2022-05-02T20:13:55.256] [INFO] default - {"word":"it","phAmMp3":"http://res.iciba.com/resource/amp3/1/0/0d/14/0d149b90e7394297301c90191ae775f0.mp3","phEnMp3":"http://res.iciba.com/resource/amp3/oxford/0/77/52/775256c25f79c6963129e3e6c02fc276.mp3","phTtsMp3":"http://res-tts.iciba.com/0/d/1/0d149b90e7394297301c90191ae775f0.mp3","parts":[{"part":"pron.","means":["它","他","正好是所需的","事实[情况]"]},{"part":"n.","means":["<美俚>傻瓜，笨蛋","<俚>绝妙的人","理想的东西","登峰造极"]}],"phEn":"ɪt","phAm":"ɪt","phOther":"","exchange":{"word_pl":"","word_third":"","word_past":"","word_done":"","word_ing":"","word_er":"","word_est":""}}
[2022-05-02T20:13:55.524] [INFO] default - { total: 1000, success: 10, fail: 0, pending: 0, isDone: false }
[2022-05-02T20:13:57.003] [INFO] default - I
[2022-05-02T20:13:57.226] [INFO] default - {"phAmMp3":"","phEnMp3":"","phTtsMp3":"","parts":[],"phOther":"","exchange":{}}
[2022-05-02T20:13:57.266] [ERROR] default - {"word":"I","status":0}
[2022-05-02T20:13:57.267] [ERROR] default - Field 'word_name' doesn't have a default value
[2022-05-02T20:13:57.294] [DEBUG] default - QueryFailedError: Field 'word_name' doesn't have a default value
    at Query.onResult (D:\projects\wordcollection\node_modules\.pnpm\registry.npmmirror.com+typeorm@0.3.6_mysql2@2.3.3+ts-node@10.7.0\src\driver\mysql\MysqlQueryRunner.ts:222:33)
    at Query.execute (D:\projects\wordcollection\node_modules\.pnpm\registry.npmmirror.com+mysql2@2.3.3\node_modules\mysql2\lib\commands\command.js:36:14)
    at PoolConnection.handlePacket (D:\projects\wordcollection\node_modules\.pnpm\registry.npmmirror.com+mysql2@2.3.3\node_modules\mysql2\lib\connection.js:456:32)
    at PacketParser.onPacket (D:\projects\wordcollection\node_modules\.pnpm\registry.npmmirror.com+mysql2@2.3.3\node_modules\mysql2\lib\connection.js:85:12)
    at PacketParser.executeStart (D:\projects\wordcollection\node_modules\.pnpm\registry.npmmirror.com+mysql2@2.3.3\node_modules\mysql2\lib\packet_parser.js:75:16)
    at Socket.<anonymous> (D:\projects\wordcollection\node_modules\.pnpm\registry.npmmirror.com+mysql2@2.3.3\node_modules\mysql2\lib\connection.js:92:25)
    at Socket.emit (node:events:526:28)
    at Socket.emit (node:domain:475:12)
    at addChunk (node:internal/streams/readable:315:12)
    at readableAddChunk (node:internal/streams/readable:289:9)
[2022-05-02T20:13:57.296] [INFO] default - { total: 1000, success: 10, fail: 1, pending: 0, isDone: false }
[2022-05-02T20:13:59.004] [INFO] default - that
[2022-05-02T20:13:59.269] [INFO] default - {"word":"that","phAmMp3":"http://res.iciba.com/resource/amp3/1/0/21/58/21582c6c30be1217322cdb9aebaf4a59.mp3","phEnMp3":"http://res.iciba.com/resource/amp3/oxford/0/3b/1b/3b1b2e9823f7c8cd6f6dddfb9750f9ae.mp3","phTtsMp3":"http://res-tts.iciba.com/2/1/5/21582c6c30be1217322cdb9aebaf4a59.mp3","parts":[{"part":"det.","means":["那个，那"]},{"part":"pron.","means":["那个，那"]},{"part":"conj.","means":["多么","如此…以至","用于某些动词、形容词和名词后，引出各种从句"]},{"part":"adv.","means":["不那么","那样"]}],"phEn":"ðæt","phAm":"ðæt, ðət","phOther":"","exchange":{"word_pl":["those"],"word_past":"","word_done":"","word_ing":"","word_third":"","word_er":"","word_est":""}}
[2022-05-02T20:13:59.521] [INFO] default - { total: 1000, success: 11, fail: 1, pending: 0, isDone: false }
[2022-05-02T20:14:01.016] [INFO] default - for
[2022-05-02T20:14:01.247] [INFO] default - {"word":"for","phAmMp3":"http://res.iciba.com/resource/amp3/1/0/d5/56/d55669822f1a8cf72ec1911e462a54eb.mp3","phEnMp3":"http://res.iciba.com/resource/amp3/oxford/0/12/68/126848d4e86272b184bb26ceda624291.mp3","phTtsMp3":"http://res-tts.iciba.com/d/5/5/d55669822f1a8cf72ec1911e462a54eb.mp3","parts":[{"part":"prep.","means":["为，为了","倾向于","关于","当作"]},{"part":"conj.","means":["因为，由于"]}],"phEn":"fɔː(r), fə(r)","phAm":"fɔːr, fər","phOther":"","exchange":{"word_pl":"","word_past":"","word_done":"","word_ing":"","word_third":"","word_er":"","word_est":""}}
[2022-05-02T20:14:01.471] [INFO] default - { total: 1000, success: 12, fail: 1, pending: 0, isDone: false }
[2022-05-02T20:14:03.003] [INFO] default - you
[2022-05-02T20:14:03.252] [INFO] default - {"word":"you","phAmMp3":"http://res.iciba.com/resource/amp3/1/0/63/9b/639bae9ac6b3e1a84cebb7b403297b79.mp3","phEnMp3":"","phTtsMp3":"http://res-tts.iciba.com/6/3/9/639bae9ac6b3e1a84cebb7b403297b79.mp3","parts":[{"part":"pron.","means":["你","你们，您们","各位","大家"]}],"phEn":"ju","phAm":"jə","phOther":"","exchange":{"word_pl":["yous"],"word_past":"","word_done":"","word_ing":"","word_third":"","word_er":"","word_est":""}}
[2022-05-02T20:14:03.488] [INFO] default - { total: 1000, success: 13, fail: 1, pending: 0, isDone: false }
[2022-05-02T20:14:05.015] [INFO] default - he
[2022-05-02T20:14:05.193] [INFO] default - {"word":"he","phAmMp3":"http://res.iciba.com/resource/amp3/0/0/6f/96/6f96cfdfe5ccc627cadf24b41725caa4.mp3","phEnMp3":"http://res.iciba.com/resource/amp3/0/0/6f/96/6f96cfdfe5ccc627cadf24b41725caa4.mp3","phTtsMp3":"http://res-tts.iciba.com/6/f/9/6f96cfdfe5ccc627cadf24b41725caa4.mp3","parts":[{"part":"pron.","means":["他，它","一个人"]},{"part":"n.","means":["雄性动物"]}],"phEn":"hi , hiː","phAm":"hi , hiː","phOther":"","exchange":{"word_pl":"","word_past":"","word_done":"","word_ing":"","word_third":"","word_er":"","word_est":""}}
[2022-05-02T20:14:05.437] [INFO] default - { total: 1000, success: 14, fail: 1, pending: 0, isDone: false }
[2022-05-02T20:14:07.003] [INFO] default - with
[2022-05-02T20:14:07.215] [INFO] default - {"word":"with","phAmMp3":"http://res.iciba.com/resource/amp3/1/0/23/a5/23a58bf9274bedb19375e527a0744fa9.mp3","phEnMp3":"http://res.iciba.com/resource/amp3/oxford/0/9d/4c/9d4cf3428e3d08be688cf3bf746f92f1.mp3","phTtsMp3":"http://res-tts.iciba.com/2/3/a/23a58bf9274bedb19375e527a0744fa9.mp3","parts":[{"part":"prep.","means":["和，跟","随着","关于","和…一致"]}],"phEn":"wɪð","phAm":"wɪð","phOther":"","exchange":{"word_pl":"","word_past":"","word_done":"","word_ing":"","word_third":"","word_er":"","word_est":""}}
[2022-05-02T20:14:07.808] [INFO] default - { total: 1000, success: 15, fail: 1, pending: 0, isDone: false }
[2022-05-02T20:14:09.014] [INFO] default - on
[2022-05-02T20:14:09.195] [INFO] default - {"word":"on","phAmMp3":"http://res.iciba.com/resource/amp3/1/0/ed/2b/ed2b5c0139cec8ad2873829dc1117d50.mp3","phEnMp3":"http://res.iciba.com/resource/amp3/0/0/ed/2b/ed2b5c0139cec8ad2873829dc1117d50.mp3","phTtsMp3":"http://res-tts.iciba.com/e/d/2/ed2b5c0139cec8ad2873829dc1117d50.mp3","parts":[{"part":"prep.","means":["（表示方向）向","（表示对象）对","（表示位置）在…上","（表示时间）在…之时"]},{"part":"adv.","means":["（放，穿，连接）上","向前，（继续）下去"]},{"part":"adj.","means":["活动着的情况，状态","使用着的","发生着的","计划中的"]}],"phEn":"ɒn","phAm":"ɑn","phOther":"","exchange":{"word_pl":"","word_third":"","word_past":"","word_done":"","word_ing":"","word_er":"","word_est":""}}
[2022-05-02T20:14:09.436] [INFO] default - { total: 1000, success: 16, fail: 1, pending: 0, isDone: false }
[2022-05-02T20:14:11.006] [INFO] default - do
[2022-05-02T20:14:11.241] [INFO] default - {"word":"do","phAmMp3":"http://res.iciba.com/resource/amp3/1/0/d4/57/d4579b2688d675235f402f6b4b43bcbf.mp3","phEnMp3":"http://res.iciba.com/resource/amp3/0/0/d4/57/d4579b2688d675235f402f6b4b43bcbf.mp3","phTtsMp3":"http://res-tts.iciba.com/d/4/5/d4579b2688d675235f402f6b4b43bcbf.mp3","parts":[{"part":"aux.","means":["构成疑问句和否定句","代替动词","用于加强语气"]},{"part":"vt.","means":["做","干","进行","从事"]},{"part":"vi.","means":["表现","进展","引起","行过"]},{"part":"n.","means":["社交聚会","社交活动","宴会"]}],"phEn":"du","phAm":"du","phOther":"","exchange":{"word_pl":["dos"],"word_past":["did"],"word_done":["done"],"word_ing":["doing"],"word_third":["does"],"word_er":"","word_est":""}}
[2022-05-02T20:14:11.488] [INFO] default - { total: 1000, success: 17, fail: 1, pending: 0, isDone: false }
[2022-05-02T20:14:13.010] [INFO] default - say
[2022-05-02T20:14:13.268] [INFO] default - {"word":"say","phAmMp3":"http://res.iciba.com/resource/amp3/1/0/a5/3f/a53ff64efd169c1b4d085d6e7075c8d7.mp3","phEnMp3":"http://res.iciba.com/resource/amp3/oxford/0/63/3e/633e2753134ffbbf8a4487b2023707b0.mp3","phTtsMp3":"http://res-tts.iciba.com/a/5/3/a53ff64efd169c1b4d085d6e7075c8d7.mp3","parts":[{"part":"vi.","means":["说， 讲","表明，宣称","假设","约莫"]},{"part":"vt.","means":["表明","念","说明","比方说"]},{"part":"n.","means":["发言权","说话","要说的话","发言权"]}],"phEn":" seɪ","phAm":" seɪ","phOther":"","exchange":{"word_pl":"","word_third":["says"],"word_past":["said"],"word_done":["said"],"word_ing":["saying"],"word_er":"","word_est":""}}
[2022-05-02T20:14:13.521] [INFO] default - { total: 1000, success: 18, fail: 1, pending: 0, isDone: false }
[2022-05-02T20:14:15.001] [INFO] default - this
[2022-05-02T20:14:15.225] [INFO] default - {"word":"this","phAmMp3":"http://res.iciba.com/resource/amp3/1/0/9e/92/9e925e9341b490bfd3b4c4ca3b0c1ef2.mp3","phEnMp3":"http://res.iciba.com/resource/amp3/oxford/0/27/79/2779dd6cf405e1b16fed55e4690eda1e.mp3","phTtsMp3":"http://res-tts.iciba.com/9/e/9/9e925e9341b490bfd3b4c4ca3b0c1ef2.mp3","parts":[{"part":"pron.","means":["这，这个","这事，这人","这时","下面所说的事"]},{"part":"adj.","means":["这，这个","刚过去的，即将到来的","今…，本…"]},{"part":"adv.","means":["这样地","就是这样","这么地"]}],"phEn":"ðɪs","phAm":"ðɪs","phOther":"","exchange":{"word_pl":["these"],"word_third":"","word_past":"","word_done":"","word_ing":"","word_er":"","word_est":""}}
[2022-05-02T20:14:15.512] [INFO] default - { total: 1000, success: 19, fail: 1, pending: 0, isDone: false }
[2022-05-02T20:14:17.018] [INFO] default - they
[2022-05-02T20:14:17.255] [INFO] default - {"word":"they","phAmMp3":"http://res.iciba.com/resource/amp3/1/0/2b/b3/2bb3d86d95234affa7c5bd68c4bab606.mp3","phEnMp3":"http://res.iciba.com/resource/amp3/oxford/0/44/bf/44bff1c438a8e98f36283cd2a064b9c6.mp3","phTtsMp3":"http://res-tts.iciba.com/2/b/b/2bb3d86d95234affa7c5bd68c4bab606.mp3","parts":[{"part":"pron.","means":["他/她/它们","人们，大家","政府，当局","她们"]}],"phEn":"ðeɪ","phAm":"ðe","phOther":"","exchange":{"word_pl":"","word_third":"","word_past":"","word_done":"","word_ing":"","word_er":"","word_est":""}}
[2022-05-02T20:14:17.466] [INFO] default - { total: 1000, success: 20, fail: 1, pending: 0, isDone: false }
[2022-05-02T20:14:19.008] [INFO] default - at
[2022-05-02T20:14:19.306] [INFO] default - {"word":"at","phAmMp3":"http://res.iciba.com/resource/amp3/1/0/7d/0d/7d0db380a5b95a8ba1da0bca241abda1.mp3","phEnMp3":"http://res.iciba.com/resource/amp3/oxford/0/0e/c5/0ec53c6133639317fcc1ddcca7cd9e7d.mp3","phTtsMp3":"http://res-tts.iciba.com/7/d/0/7d0db380a5b95a8ba1da0bca241abda1.mp3","parts":[{"part":"prep.","means":["（表示位置）在","在（某时间或时刻）","以，达"," 向，朝"]}],"phEn":"ət","phAm":"æt,ət","phOther":"","exchange":{"word_pl":"","word_past":"","word_done":"","word_ing":"","word_third":"","word_er":"","word_est":""}}
[2022-05-02T20:14:19.561] [INFO] default - { total: 1000, success: 21, fail: 1, pending: 0, isDone: false }
[2022-05-02T20:14:21.005] [INFO] default - but
[2022-05-02T20:14:21.254] [INFO] default - {"word":"but","phAmMp3":"http://res.iciba.com/resource/amp3/1/0/37/59/37598dad8f8805ce708ba8c4f67ce367.mp3","phEnMp3":"http://res.iciba.com/resource/amp3/oxford/0/77/56/77568f4a6519d4aa1fff8535426c567e.mp3","phTtsMp3":"http://res-tts.iciba.com/3/7/5/37598dad8f8805ce708ba8c4f67ce367.mp3","parts":[{"part":"conj.","means":["但是","而是","除了","只因为"]},{"part":"prep.","means":["除…以外"]},{"part":"adv.","means":["只","不过","只是","另一方面"]},{"part":"n.","means":["借口","推辞","但是","反对"]}],"phEn":"bʌt,bət","phAm":"bʌt,bət","phOther":"","exchange":{"word_pl":["buts"],"word_past":"","word_done":"","word_ing":"","word_third":"","word_er":"","word_est":""}}
[2022-05-02T20:14:21.543] [INFO] default - { total: 1000, success: 22, fail: 1, pending: 0, isDone: false }
[2022-05-02T20:14:23.012] [INFO] default - we
[2022-05-02T20:14:23.199] [INFO] default - {"word":"we","phAmMp3":"http://res.iciba.com/resource/amp3/1/0/ff/1c/ff1ccf57e98c817df1efcd9fe44a8aeb.mp3","phEnMp3":"http://res.iciba.com/resource/amp3/oxford/0/8b/e8/8be88b2fde69e3ad0a71f3a6aa28f704.mp3","phTtsMp3":"http://res-tts.iciba.com/f/f/1/ff1ccf57e98c817df1efcd9fe44a8aeb.mp3","parts":[{"part":"pron.","means":["我们，咱们","笔者，本人","朕","人们"]}],"phEn":"wi; wiː","phAm":"wi; wiː","phOther":"","exchange":{"word_pl":"","word_past":"","word_done":"","word_ing":"","word_third":"","word_er":"","word_est":""}}
[2022-05-02T20:14:23.492] [INFO] default - { total: 1000, success: 23, fail: 1, pending: 0, isDone: false }
[2022-05-02T20:14:25.009] [INFO] default - his
[2022-05-02T20:14:25.221] [INFO] default - {"word":"his","phAmMp3":"http://res.iciba.com/resource/amp3/1/0/65/b5/65b50b04a6af50bb2f174db30a8c6dad.mp3","phEnMp3":"http://res.iciba.com/resource/amp3/oxford/0/95/3d/953d5349798bf3654a004b4586aac169.mp3","phTtsMp3":"http://res-tts.iciba.com/6/5/b/65b50b04a6af50bb2f174db30a8c6dad.mp3","parts":[{"part":"pron.","means":["(he的所有格)他的","(he的物主代词)他的东西"]},{"part":"det.","means":["属于他的，用于名词前","自己的","指某人的","上帝的"]}],"phEn":"hɪz","phAm":"hɪz","phOther":"","exchange":{"word_pl":"","word_third":"","word_past":"","word_done":"","word_ing":"","word_er":"","word_est":""}}
[2022-05-02T20:14:25.458] [INFO] default - { total: 1000, success: 24, fail: 1, pending: 0, isDone: false }
[2022-05-02T20:14:27.005] [INFO] default - from
[2022-05-02T20:14:27.211] [INFO] default - {"word":"from","phAmMp3":"http://res.iciba.com/resource/amp3/1/0/d9/8a/d98a07f84921b24ee30f86fd8cd85c3c.mp3","phEnMp3":"","phTtsMp3":"http://res-tts.iciba.com/d/9/8/d98a07f84921b24ee30f86fd8cd85c3c.mp3","parts":[{"part":"prep.","means":["（表示时间）从…","（表示原因）因为","（表示来源）来自…","（表示分离）与…分离[隔开]"]}],"phEn":"frəm","phAm":"frʌm","phOther":"","exchange":{"word_pl":"","word_third":"","word_past":"","word_done":"","word_ing":"","word_er":"","word_est":""}}
[2022-05-02T20:14:27.397] [INFO] default - { total: 1000, success: 25, fail: 1, pending: 0, isDone: false }
[2022-05-02T20:14:29.014] [INFO] default - that
[2022-05-02T20:14:29.233] [INFO] default - {"word":"that","phAmMp3":"http://res.iciba.com/resource/amp3/1/0/21/58/21582c6c30be1217322cdb9aebaf4a59.mp3","phEnMp3":"http://res.iciba.com/resource/amp3/oxford/0/3b/1b/3b1b2e9823f7c8cd6f6dddfb9750f9ae.mp3","phTtsMp3":"http://res-tts.iciba.com/2/1/5/21582c6c30be1217322cdb9aebaf4a59.mp3","parts":[{"part":"det.","means":["那个，那"]},{"part":"pron.","means":["那个，那"]},{"part":"conj.","means":["多么","如此…以至","用于某些动词、形容词和名词后，引出各种从句"]},{"part":"adv.","means":["不那么","那样"]}],"phEn":"ðæt","phAm":"ðæt, ðət","phOther":"","exchange":{"word_pl":["those"],"word_past":"","word_done":"","word_ing":"","word_third":"","word_er":"","word_est":""}}
[2022-05-02T20:14:29.452] [INFO] default - { total: 1000, success: 26, fail: 1, pending: 0, isDone: false }
[2022-05-02T20:14:31.001] [INFO] default - not
[2022-05-02T20:14:31.249] [INFO] default - {"word":"not","phAmMp3":"http://res.iciba.com/resource/amp3/1/0/d5/29/d529e941509eb9e9b9cfaeae1fe7ca23.mp3","phEnMp3":"http://res.iciba.com/resource/amp3/0/0/d5/29/d529e941509eb9e9b9cfaeae1fe7ca23.mp3","phTtsMp3":"http://res-tts.iciba.com/d/5/2/d529e941509eb9e9b9cfaeae1fe7ca23.mp3","parts":[{"part":"adv.","means":["不","[用以表示否定、否认、拒绝、禁止等]不是","几乎不","未必，没有[用于否定后面的词或短语]"]}],"phEn":"nɒt","phAm":"nɑt","phOther":"","exchange":{"word_pl":"","word_third":"","word_past":"","word_done":"","word_ing":"","word_er":"","word_est":""}}
[2022-05-02T20:14:31.491] [INFO] default - { total: 1000, success: 27, fail: 1, pending: 0, isDone: false }
[2022-05-02T20:14:33.014] [INFO] default - n''t
[2022-05-02T20:14:33.219] [INFO] default - {"phAmMp3":"","phEnMp3":"","phTtsMp3":"","parts":[],"phOther":"","exchange":{}}
[2022-05-02T20:14:33.236] [ERROR] default - {"word":"n''t","status":0}
[2022-05-02T20:14:33.236] [ERROR] default - Field 'word_name' doesn't have a default value
[2022-05-02T20:14:33.237] [DEBUG] default - QueryFailedError: Field 'word_name' doesn't have a default value
    at Query.onResult (D:\projects\wordcollection\node_modules\.pnpm\registry.npmmirror.com+typeorm@0.3.6_mysql2@2.3.3+ts-node@10.7.0\src\driver\mysql\MysqlQueryRunner.ts:222:33)
    at Query.execute (D:\projects\wordcollection\node_modules\.pnpm\registry.npmmirror.com+mysql2@2.3.3\node_modules\mysql2\lib\commands\command.js:36:14)
    at PoolConnection.handlePacket (D:\projects\wordcollection\node_modules\.pnpm\registry.npmmirror.com+mysql2@2.3.3\node_modules\mysql2\lib\connection.js:456:32)
    at PacketParser.onPacket (D:\projects\wordcollection\node_modules\.pnpm\registry.npmmirror.com+mysql2@2.3.3\node_modules\mysql2\lib\connection.js:85:12)
    at PacketParser.executeStart (D:\projects\wordcollection\node_modules\.pnpm\registry.npmmirror.com+mysql2@2.3.3\node_modules\mysql2\lib\packet_parser.js:75:16)
    at Socket.<anonymous> (D:\projects\wordcollection\node_modules\.pnpm\registry.npmmirror.com+mysql2@2.3.3\node_modules\mysql2\lib\connection.js:92:25)
    at Socket.emit (node:events:526:28)
    at Socket.emit (node:domain:475:12)
    at addChunk (node:internal/streams/readable:315:12)
    at readableAddChunk (node:internal/streams/readable:289:9)
[2022-05-02T20:14:33.238] [INFO] default - { total: 1000, success: 27, fail: 2, pending: 0, isDone: false }
[2022-05-02T20:14:35.011] [INFO] default - by
[2022-05-02T20:14:35.179] [INFO] default - {"word":"by","phAmMp3":"http://res.iciba.com/resource/amp3/1/0/df/3f/df3f079de6961496f0460dcfdbf9bca3.mp3","phEnMp3":"http://res.iciba.com/resource/amp3/oxford/0/9b/44/9b44ef58c91630bc24b0d70a53a5af06.mp3","phTtsMp3":"http://res-tts.iciba.com/d/f/3/df3f079de6961496f0460dcfdbf9bca3.mp3","parts":[{"part":"prep.","means":["在…旁边","表示方式","由于","经过","到…之前"]},{"part":"adv.","means":["经过","表示保留或保存时用","短暂拜访"]}],"phEn":"baɪ","phAm":"baɪ","phOther":"","exchange":{"word_pl":"","word_past":"","word_done":"","word_ing":"","word_third":"","word_er":"","word_est":""}}
[2022-05-02T20:14:35.474] [INFO] default - { total: 1000, success: 28, fail: 2, pending: 0, isDone: false }
[2022-05-02T20:14:37.016] [INFO] default - she
[2022-05-02T20:14:37.244] [INFO] default - {"word":"she","phAmMp3":"http://res.iciba.com/resource/amp3/1/0/9e/b0/9eb0d040ef57f4a06759cf307b657918.mp3","phEnMp3":"http://res.iciba.com/resource/amp3/0/0/9e/b0/9eb0d040ef57f4a06759cf307b657918.mp3","phTtsMp3":"http://res-tts.iciba.com/9/e/b/9eb0d040ef57f4a06759cf307b657918.mp3","parts":[{"part":"pron.","means":["她，它"]}],"phEn":"ʃi; ʃiː","phAm":"ʃi; ʃiː","phOther":"","exchange":{"word_pl":"","word_past":"","word_done":"","word_ing":"","word_third":"","word_er":"","word_est":""}}
[2022-05-02T20:14:37.721] [INFO] default - { total: 1000, success: 29, fail: 2, pending: 0, isDone: false }
[2022-05-02T20:14:39.004] [INFO] default - or
[2022-05-02T20:14:39.201] [INFO] default - {"word":"or","phAmMp3":"http://res.iciba.com/resource/amp3/1/0/e8/1c/e81c4e4f2b7b93b481e13a8553c2ae1b.mp3","phEnMp3":"http://res.iciba.com/resource/amp3/oxford/0/27/ef/27ef14f0921dd3065a299dd369cd332b.mp3","phTtsMp3":"http://res-tts.iciba.com/e/8/1/e81c4e4f2b7b93b481e13a8553c2ae1b.mp3","parts":[{"part":"conj.","means":["或，或者","还是","不然，否则","左右"]},{"part":"prep.","means":["<古、诗>在…之前，比…更早"]},{"part":"n.","means":["[纹章]黑金色、黑色"]}],"phEn":"ɔ:(r)","phAm":"ɔr","phOther":"","exchange":{"word_pl":"","word_third":"","word_past":"","word_done":"","word_ing":"","word_er":"","word_est":""}}
[2022-05-02T20:14:39.455] [INFO] default - { total: 1000, success: 30, fail: 2, pending: 0, isDone: false }
[2022-05-02T20:14:41.005] [INFO] default - as
[2022-05-02T20:14:41.174] [INFO] default - {"word":"as","phAmMp3":"http://res.iciba.com/resource/amp3/1/0/f9/70/f970e2767d0cfe75876ea857f92e319b.mp3","phEnMp3":"http://res.iciba.com/resource/amp3/oxford/0/6c/a9/6ca9f4b29da49310d1538e711ccf20fe.mp3","phTtsMp3":"http://res-tts.iciba.com/f/9/7/f970e2767d0cfe75876ea857f92e319b.mp3","parts":[{"part":"adv.","means":["同样地，一样地","例如"]},{"part":"prep.","means":["作为，以…的身份","如同"]},{"part":"conj.","means":["像，像…一样","由于","同时，当…时","尽管"]},{"part":"n.","means":["阿斯（古罗马重量单位，约373克）"]}],"phEn":"əz","phAm":"æz,əz","phOther":"","exchange":{"word_pl":"","word_third":"","word_past":"","word_done":"","word_ing":"","word_er":"","word_est":""}}
[2022-05-02T20:14:41.396] [INFO] default - { total: 1000, success: 31, fail: 2, pending: 0, isDone: false }
[2022-05-02T20:14:43.015] [INFO] default - what
[2022-05-02T20:14:43.267] [INFO] default - {"word":"what","phAmMp3":"http://res.iciba.com/resource/amp3/1/0/4a/20/4a2028eceac5e1f4d252ea13c71ecec6.mp3","phEnMp3":"http://res.iciba.com/resource/amp3/0/0/4a/20/4a2028eceac5e1f4d252ea13c71ecec6.mp3","phTtsMp3":"http://res-tts.iciba.com/4/a/2/4a2028eceac5e1f4d252ea13c71ecec6.mp3","parts":[{"part":"pron.","means":["（用以询问某人或某事物的词）什么，多少","…的事物"]},{"part":"adj.","means":["…的（事物或人）"]},{"part":"adv.","means":["（用于感叹句中）"]},{"part":"int.","means":["（用以表示不相信或惊奇）","（用以表示未听清楚对方说的话）"]}],"phEn":"wɒt","phAm":"wɑt","phOther":"","exchange":{"word_pl":"","word_third":"","word_past":"","word_done":"","word_ing":"","word_er":"","word_est":""}}
[2022-05-02T20:14:43.518] [INFO] default - { total: 1000, success: 32, fail: 2, pending: 0, isDone: false }
[2022-05-02T20:14:45.010] [INFO] default - go
[2022-05-02T20:14:45.276] [INFO] default - {"word":"go","phAmMp3":"http://res.iciba.com/resource/amp3/1/0/34/d1/34d1f91fb2e514b8576fab1a75a89a6b.mp3","phEnMp3":"http://res.iciba.com/resource/amp3/0/0/34/d1/34d1f91fb2e514b8576fab1a75a89a6b.mp3","phTtsMp3":"http://res-tts.iciba.com/3/4/d/34d1f91fb2e514b8576fab1a75a89a6b.mp3","parts":[{"part":"vi.","means":["走","离开","去做","进行"]},{"part":"vt.","means":["变得","发出…声音","成为","处于…状态"]},{"part":"n.","means":["轮到的顺序","精力","干劲","尝试"]}],"phEn":"gəʊ","phAm":"goʊ","phOther":"","exchange":{"word_pl":["goes"],"word_past":["went"],"word_done":["gone"],"word_ing":["going"],"word_third":["goes"],"word_er":"","word_est":""}}
[2022-05-02T20:14:45.501] [INFO] default - { total: 1000, success: 33, fail: 2, pending: 0, isDone: false }
[2022-05-02T20:14:47.002] [INFO] default - their
[2022-05-02T20:14:47.222] [INFO] default - {"word":"their","phAmMp3":"http://res.iciba.com/resource/amp3/1/0/0e/66/0e66be14b86bd30bf4fc84357763b591.mp3","phEnMp3":"http://res.iciba.com/resource/amp3/0/0/0e/66/0e66be14b86bd30bf4fc84357763b591.mp3","phTtsMp3":"http://res-tts.iciba.com/0/e/6/0e66be14b86bd30bf4fc84357763b591.mp3","parts":[{"part":"pron.","means":["他（她，它）们的","在提及性别不详的人时，用以代替 him 或 her"]}],"phEn":"ðeə(r)","phAm":"ðer","phOther":"","exchange":{"word_pl":"","word_past":"","word_done":"","word_ing":"","word_third":"","word_er":"","word_est":""}}
[2022-05-02T20:14:47.451] [INFO] default - { total: 1000, success: 34, fail: 2, pending: 0, isDone: false }
[2022-05-02T20:14:49.012] [INFO] default - can
[2022-05-02T20:14:49.225] [INFO] default - {"word":"can","phAmMp3":"http://res.iciba.com/resource/amp3/1/0/2c/61/2c61ebff5a7f675451467527df66788d.mp3","phEnMp3":"http://res.iciba.com/resource/amp3/oxford/0/6c/fe/6cfe3df615507fb3114323f19a5661b5.mp3","phTtsMp3":"http://res-tts.iciba.com/2/c/6/2c61ebff5a7f675451467527df66788d.mp3","parts":[{"part":"aux.","means":["能够","可以","有机会"]},{"part":"n.","means":["金属罐","一听","金属容器"]},{"part":"vt.","means":["将…装罐保存","炒…鱿鱼"]}],"phEn":"kæn","phAm":"kæn","phOther":"","exchange":{"word_pl":"","word_past":["could"],"word_done":["could"],"word_ing":"","word_third":"","word_er":"","word_est":""}}
[2022-05-02T20:14:49.575] [INFO] default - { total: 1000, success: 35, fail: 2, pending: 0, isDone: false }
[2022-05-02T20:14:51.005] [INFO] default - who
[2022-05-02T20:14:51.261] [INFO] default - {"word":"who","phAmMp3":"http://res.iciba.com/resource/amp3/1/0/53/d6/53d670af9bb16ea82e7ef41ee23ec6df.mp3","phEnMp3":"http://res.iciba.com/resource/amp3/oxford/0/97/c3/97c3ed5017fa028dd4045c7a0c186d20.mp3","phTtsMp3":"http://res-tts.iciba.com/5/3/d/53d670af9bb16ea82e7ef41ee23ec6df.mp3","parts":[{"part":"pron.","means":["谁","什么人","关系代词，有先行词","孰"]}],"phEn":"hu:","phAm":"hu","phOther":"","exchange":{"word_pl":"","word_third":"","word_past":"","word_done":"","word_ing":"","word_er":"","word_est":""}}
[2022-05-02T20:14:51.655] [INFO] default - { total: 1000, success: 36, fail: 2, pending: 0, isDone: false }
[2022-05-02T20:14:53.008] [INFO] default - get
[2022-05-02T20:14:53.221] [INFO] default - {"word":"get","phAmMp3":"http://res.iciba.com/resource/amp3/1/0/b5/ed/b5eda0a74558a342cf659187f06f746f.mp3","phEnMp3":"http://res.iciba.com/resource/amp3/oxford/0/1a/d5/1ad567c5e5b5ff39dbb69f46884466d0.mp3","phTtsMp3":"http://res-tts.iciba.com/b/5/e/b5eda0a74558a342cf659187f06f746f.mp3","parts":[{"part":"vt.","means":["得到","抓住","说服","受到（惩罚等）"]},{"part":"vt.& vi.","means":["到达，来"]},{"part":"vi.","means":["成为","开始","设法对付","获得利益或财富"]},{"part":"n.","means":["生殖，幼兽","赢利"]}],"phEn":"get","phAm":"ɡɛt","phOther":"","exchange":{"word_pl":"","word_third":["gets"],"word_past":["got"],"word_done":["got"," gotten"],"word_ing":["getting"],"word_er":"","word_est":""}}
[2022-05-02T20:14:53.692] [INFO] default - { total: 1000, success: 37, fail: 2, pending: 0, isDone: false }
[2022-05-02T20:14:55.006] [INFO] default - if
[2022-05-02T20:14:55.260] [INFO] default - {"word":"if","phAmMp3":"http://res.iciba.com/resource/amp3/1/0/39/c8/39c8942e1038872a822c0dc75eedbde3.mp3","phEnMp3":"http://res.iciba.com/resource/amp3/oxford/0/0f/b3/0fb303cda05bb7f65fa0e409041e4021.mp3","phTtsMp3":"http://res-tts.iciba.com/3/9/c/39c8942e1038872a822c0dc75eedbde3.mp3","parts":[{"part":"conj.","means":["如果，倘若","即使","〈口〉是否","假设"]},{"part":"n.","means":["条件，设想"]}],"phEn":"ɪf","phAm":"ɪf","phOther":"","exchange":{"word_pl":["ifs"],"word_third":"","word_past":"","word_done":"","word_ing":"","word_er":"","word_est":""}}
[2022-05-02T20:14:55.629] [INFO] default - { total: 1000, success: 38, fail: 2, pending: 0, isDone: false }
[2022-05-02T20:14:57.004] [INFO] default - would
[2022-05-02T20:14:57.238] [INFO] default - {"word":"would","phAmMp3":"http://res.iciba.com/resource/amp3/1/0/e6/80/e680afd37e4511a8cb3ce9f63168862a.mp3","phEnMp3":"http://res.iciba.com/resource/amp3/oxford/0/3e/ac/3eacbf17b9ee7bbeef2c7f5009fdacc3.mp3","phTtsMp3":"http://res-tts.iciba.com/e/6/8/e680afd37e4511a8cb3ce9f63168862a.mp3","parts":[{"part":"v.","means":["（will 的过去式，用于转述）将","想要；希望；愿意；喜欢","带出想象的结果；（表示可能发生的事情没有发生，是因为之前另一件事没有发生）就会"]}],"phEn":"wʊd","phAm":"wʊd","phOther":"","exchange":{"word_pl":"","word_past":"","word_done":"","word_ing":"","word_third":"","word_er":"","word_est":""}}
[2022-05-02T20:14:57.536] [INFO] default - { total: 1000, success: 39, fail: 2, pending: 0, isDone: false }
[2022-05-02T20:14:59.008] [INFO] default - her
[2022-05-02T20:14:59.260] [INFO] default - {"word":"her","phAmMp3":"http://res.iciba.com/resource/amp3/1/0/a4/3b/a43b4caa46fb39a1d48b89e25f0e79df.mp3","phEnMp3":"http://res.iciba.com/resource/amp3/oxford/0/d9/d3/d9d382311d08413de0c6870cc27b4ec6.mp3","phTtsMp3":"http://res-tts.iciba.com/a/4/3/a43b4caa46fb39a1d48b89e25f0e79df.mp3","parts":[{"part":"pron.","means":["(she的宾格)她","(she的所有格)她的","她，指某个国家，（一艘）船"]}],"phEn":"hə(r)","phAm":"hɚ, ɚ,hɚr","phOther":"","exchange":{"word_pl":"","word_third":"","word_past":"","word_done":"","word_ing":"","word_er":"","word_est":""}}
[2022-05-02T20:14:59.480] [INFO] default - { total: 1000, success: 40, fail: 2, pending: 0, isDone: false }
[2022-05-02T20:15:01.014] [INFO] default - all
[2022-05-02T20:15:01.222] [INFO] default - {"word":"all","phAmMp3":"http://res.iciba.com/resource/amp3/1/0/a1/81/a181a603769c1f98ad927e7367c7aa51.mp3","phEnMp3":"http://res.iciba.com/resource/amp3/oxford/0/66/8f/668fa7b345e751c4a396b9c4e7f13aaf.mp3","phTtsMp3":"http://res-tts.iciba.com/a/1/8/a181a603769c1f98ad927e7367c7aa51.mp3","parts":[{"part":"adj.","means":["全部的","一切的","各种的","极度的，尽量的"]},{"part":"pron.","means":["全部","一切","每个人，每件东西","全部情况"]},{"part":"adv.","means":["全部地","完全地","每个","非常"]},{"part":"n.","means":["全体","[常作A-]整体","[常与my, your, his, her等连用]（某人）所有的一切"]}],"phEn":"ɔ:l","phAm":"ɔl","phOther":"","exchange":{"word_pl":null,"word_third":null,"word_past":null,"word_done":null,"word_ing":null,"word_er":null,"word_est":null}}
[2022-05-02T20:15:01.417] [INFO] default - { total: 1000, success: 41, fail: 2, pending: 0, isDone: false }
[2022-05-02T20:15:03.012] [INFO] default - my
[2022-05-02T20:15:03.248] [INFO] default - {"word":"my","phAmMp3":"http://res.iciba.com/resource/amp3/1/0/68/64/6864f389d9876436bc8778ff071d1b6c.mp3","phEnMp3":"http://res.iciba.com/resource/amp3/oxford/0/e8/7d/e87dcdd7986213c8def8af06571439d9.mp3","phTtsMp3":"http://res-tts.iciba.com/6/8/6/6864f389d9876436bc8778ff071d1b6c.mp3","parts":[{"part":"adj.","means":["我的(I的所有格形式)"]},{"part":"int.","means":["啊呀","天啊"]}],"phEn":"maɪ","phAm":"maɪ","phOther":"","exchange":{"word_pl":"","word_third":"","word_past":"","word_done":"","word_ing":"","word_er":"","word_est":""}}
[2022-05-02T20:15:03.904] [INFO] default - { total: 1000, success: 42, fail: 2, pending: 0, isDone: false }
[2022-05-02T20:15:05.008] [INFO] default - make
[2022-05-02T20:15:05.214] [INFO] default - {"word":"make","phAmMp3":"http://res.iciba.com/resource/amp3/1/0/09/9d/099dafc678df7d266c25f95ccf6cde22.mp3","phEnMp3":"http://res.iciba.com/resource/amp3/oxford/0/f6/60/f6602649ee95f3eaba08703930d00229.mp3","phTtsMp3":"http://res-tts.iciba.com/0/9/9/099dafc678df7d266c25f95ccf6cde22.mp3","parts":[{"part":"vt.","means":["做，制造","生产，制定","使成为","使产生"]},{"part":"vi.","means":["开始","尝试","行进","增大"]},{"part":"n.","means":["制造","生产量","性格","形状，样式"]}],"phEn":"meɪk","phAm":"mek","phOther":"","exchange":{"word_pl":"","word_third":["makes"],"word_past":["made"],"word_done":["made"],"word_ing":["making"],"word_er":"","word_est":""}}
[2022-05-02T20:15:05.498] [INFO] default - { total: 1000, success: 43, fail: 2, pending: 0, isDone: false }
[2022-05-02T20:15:07.014] [INFO] default - about
[2022-05-02T20:15:07.246] [INFO] default - {"word":"about","phAmMp3":"http://res.iciba.com/resource/amp3/1/0/46/b3/46b3931b9959c927df4fc65fdee94b07.mp3","phEnMp3":"http://res.iciba.com/resource/amp3/oxford/0/2c/bd/2cbdd5b60ecd5974ce6e2a4387eaefc2.mp3","phTtsMp3":"http://res-tts.iciba.com/4/6/b/46b3931b9959c927df4fc65fdee94b07.mp3","parts":[{"part":"prep.","means":["关于","大约","在…周围"]},{"part":"adv.","means":["大约","在附近","在四周","几乎"]},{"part":"adj.","means":["在附近的","四处走动的","在起作用的","在流行中的"]}],"phEn":"əˈbaʊt","phAm":"əˈbaʊt","phOther":"","exchange":{"word_pl":"","word_past":"","word_done":"","word_ing":"","word_third":"","word_er":"","word_est":""}}
[2022-05-02T20:15:07.440] [INFO] default - { total: 1000, success: 44, fail: 2, pending: 0, isDone: false }
[2022-05-02T20:15:09.011] [INFO] default - know
[2022-05-02T20:15:09.230] [INFO] default - {"word":"know","phAmMp3":"http://res.iciba.com/resource/amp3/1/0/af/9d/af9dc3cd6ce29d560a1e4077694254d9.mp3","phEnMp3":"http://res.iciba.com/resource/amp3/0/0/af/9d/af9dc3cd6ce29d560a1e4077694254d9.mp3","phTtsMp3":"http://res-tts.iciba.com/a/f/9/af9dc3cd6ce29d560a1e4077694254d9.mp3","parts":[{"part":"v.","means":["知道","了解","认识","确信"]},{"part":"n.","means":["知情"]}],"phEn":"nəʊ","phAm":"noʊ","phOther":"","exchange":{"word_pl":"","word_past":["knew"],"word_done":["known"],"word_ing":["knowing"],"word_third":["knows"],"word_er":"","word_est":""}}
[2022-05-02T20:15:09.652] [INFO] default - { total: 1000, success: 45, fail: 2, pending: 0, isDone: false }
[2022-05-02T20:15:11.012] [INFO] default - will
[2022-05-02T20:15:11.238] [INFO] default - {"word":"will","phAmMp3":"http://res.iciba.com/resource/amp3/1/0/18/21/18218139eec55d83cf82679934e5cd75.mp3","phEnMp3":"http://res.iciba.com/resource/amp3/oxford/0/0d/32/0d32a3621001f61a1d2128e7dcd55792.mp3","phTtsMp3":"http://res-tts.iciba.com/1/8/2/18218139eec55d83cf82679934e5cd75.mp3","parts":[{"part":"n.","means":["愿意","意志（力）","[法]遗嘱"]},{"part":"vt.","means":["决心要","将（财产等）遗赠某人","用意志力驱使（某事发生）"]},{"part":"vi.","means":["愿意， 希望， 想要"]}],"phEn":"wɪl","phAm":"wɪl","phOther":"","exchange":{"word_pl":["wills"],"word_past":["willed","would"],"word_done":["willed"],"word_ing":["willing"],"word_third":["wills"],"word_er":"","word_est":""}}
